<?xml version="1.0" encoding="UTF-8"?>
<!-- Generated by org.testng.reporters.JUnitReportReporter -->
<testsuite hostname="DESKTOP-MBFGR6V" failures="0" tests="1" name="Module1_Login_test.SwagLabLoginTest" time="15.919" errors="0" timestamp="2024-12-21T20:31:31 IST" skipped="0">
  <testcase classname="Module1_Login_test.SwagLabLoginTest" name="verifyLogo" time="15.919"/>
</testsuite> <!-- Module1_Login_test.SwagLabLoginTest -->
