<?xml version="1.0" encoding="UTF-8"?>
<!-- Generated by org.testng.reporters.JUnitReportReporter -->
<testsuite hostname="DESKTOP-MBFGR6V" failures="0" tests="1" name="Module4_product_test.SwagLabLoginTest" time="9.915" errors="0" timestamp="2024-12-21T20:33:01 IST" skipped="0">
  <testcase classname="Module4_product_test.SwagLabLoginTest" name="verifyProductName" time="9.915"/>
</testsuite> <!-- Module4_product_test.SwagLabLoginTest -->
