<?xml version="1.0" encoding="UTF-8"?>
<!-- Generated by org.testng.reporters.JUnitReportReporter -->
<testsuite hostname="DESKTOP-MBFGR6V" failures="0" tests="1" name="Module1_Login_test.SwagLabLoginTest" time="25.461" errors="0" timestamp="2024-12-17T19:12:32 IST" skipped="0">
  <testcase classname="Module1_Login_test.SwagLabLoginTest" name="verifyLogo" time="25.461"/>
</testsuite> <!-- Module1_Login_test.SwagLabLoginTest -->
