<?xml version="1.0" encoding="UTF-8"?>
<!-- Generated by org.testng.reporters.JUnitReportReporter -->
<testsuite hostname="DESKTOP-MBFGR6V" failures="0" tests="1" name="Module1_Login_test.SwagLabLoginTest" time="15.535" errors="0" timestamp="2024-12-20T23:21:15 IST" skipped="0">
  <testcase classname="Module1_Login_test.SwagLabLoginTest" name="verifyLogo" time="15.535"/>
</testsuite> <!-- Module1_Login_test.SwagLabLoginTest -->
