<?xml version="1.0" encoding="UTF-8"?>
<!-- Generated by org.testng.reporters.JUnitReportReporter -->
<testsuite hostname="DESKTOP-MBFGR6V" failures="0" tests="1" name="sample1.demo1" time="93.107" errors="0" timestamp="2024-11-24T20:52:25 IST" skipped="0">
  <testcase classname="sample1.demo1" name="TC1" time="93.107"/>
</testsuite> <!-- sample1.demo1 -->
